This is pdfTeX, Version 3.14159265-2.6-1.40.19 (MiKTeX 2.9.6840) (preloaded format=pdflatex 2018.10.18)  25 OCT 2018 13:27
entering extended mode
**./HW_1_idit_b.tex
(HW_1_idit_b.tex
LaTeX2e <2018-04-01> patch level 5

("/Users/iditbela/Library/Application Support/MiKTeX/texmfs/install/tex/latex/b
ase/article.cls"
Document Class: article 2014/09/29 v1.4h Standard LaTeX document class

("/Users/iditbela/Library/Application Support/MiKTeX/texmfs/install/tex/latex/b
ase/size10.clo"
File: size10.clo 2014/09/29 v1.4h Standard LaTeX file (size option)
)
\c@part=\count80
\c@section=\count81
\c@subsection=\count82
\c@subsubsection=\count83
\c@paragraph=\count84
\c@subparagraph=\count85
\c@figure=\count86
\c@table=\count87
\abovecaptionskip=\skip41
\belowcaptionskip=\skip42
\bibindent=\dimen102
)
("/Users/iditbela/Library/Application Support/MiKTeX/texmfs/install/tex/latex/p
snfss/times.sty"
Package: times 2005/04/12 PSNFSS-v9.2a (SPQR) 
)

LaTeX Warning: Unused global option(s):
    [fontsize=12pt].

(HW_1_idit_b.aux)
\openout1 = `HW_1_idit_b.aux'.

LaTeX Font Info:    Checking defaults for OML/cmm/m/it on input line 8.
LaTeX Font Info:    ... okay on input line 8.
LaTeX Font Info:    Checking defaults for T1/cmr/m/n on input line 8.
LaTeX Font Info:    ... okay on input line 8.
LaTeX Font Info:    Checking defaults for OT1/cmr/m/n on input line 8.
LaTeX Font Info:    ... okay on input line 8.
LaTeX Font Info:    Checking defaults for OMS/cmsy/m/n on input line 8.
LaTeX Font Info:    ... okay on input line 8.
LaTeX Font Info:    Checking defaults for OMX/cmex/m/n on input line 8.
LaTeX Font Info:    ... okay on input line 8.
LaTeX Font Info:    Checking defaults for U/cmr/m/n on input line 8.
LaTeX Font Info:    ... okay on input line 8.
LaTeX Font Info:    Try loading font information for OT1+ptm on input line 8.

("/Users/iditbela/Library/Application Support/MiKTeX/texmfs/install/tex/latex/p
snfss/ot1ptm.fd"
File: ot1ptm.fd 2001/06/04 font definitions for OT1/ptm.
)
LaTeX Font Info:    External font `cmex10' loaded for size
(Font)              <12> on input line 9.
LaTeX Font Info:    External font `cmex10' loaded for size
(Font)              <8> on input line 9.
LaTeX Font Info:    External font `cmex10' loaded for size
(Font)              <6> on input line 9.
LaTeX Font Info:    Font shape `OT1/ptm/bx/n' in size <14.4> not available
(Font)              Font shape `OT1/ptm/b/n' tried instead on input line 11.
LaTeX Font Info:    Font shape `OT1/ptm/bx/n' in size <10> not available
(Font)              Font shape `OT1/ptm/b/n' tried instead on input line 12.


LaTeX Warning: Citation `IsraelMinistryEnvProt' on page 1 undefined on input li
ne 12.


Underfull \hbox (badness 10000) in paragraph at lines 12--17

 []


Underfull \hbox (badness 10000) in paragraph at lines 12--17

 []

LaTeX Font Info:    Try loading font information for OMS+ptm on input line 22.

("/Users/iditbela/Library/Application Support/MiKTeX/texmfs/install/tex/latex/p
snfss/omsptm.fd"
File: omsptm.fd 
)
LaTeX Font Info:    Font shape `OMS/ptm/m/n' in size <10> not available
(Font)              Font shape `OMS/cmsy/m/n' tried instead on input line 22.
 (HW_1_idit_b.bbl [1

{/Users/iditbela/Library/Application Support/MiKTeX/texmfs/data/pdftex/config/p
dftex.map}]) [2] (HW_1_idit_b.aux)

LaTeX Warning: There were undefined references.

 ) 
Here is how much of TeX's memory you used:
 318 strings out of 494889
 4485 string characters out of 3176776
 58271 words of memory out of 3000000
 4001 multiletter control sequences out of 15000+200000
 16574 words of font info for 36 fonts, out of 3000000 for 9000
 0 hyphenation exceptions out of 8191
 23i,6n,22p,404b,221s stack positions out of 5000i,500n,10000p,200000b,50000s
{/Users/iditbela/Library/Application Support/MiKTeX/texmfs/install/fonts/enc/
dvips/base/8r.enc} </Users/iditbela/Library/Application Support/MiKTeX/texmfs/d
ata/fonts/pk/ljfour/public/cm/dpi600/cmsy10.pk></Users/iditbela/Library/Applica
tion Support/MiKTeX/texmfs/install/fonts/type1/urw/times/utmb8a.pfb></Users/idi
tbela/Library/Application Support/MiKTeX/texmfs/install/fonts/type1/urw/times/u
tmr8a.pfb></Users/iditbela/Library/Application Support/MiKTeX/texmfs/install/fo
nts/type1/urw/times/utmri8a.pfb>
Output written on HW_1_idit_b.pdf (2 pages, 40802 bytes).
PDF statistics:
 27 PDF objects out of 1000 (max. 8388607)
 0 named destinations out of 1000 (max. 500000)
 1 words of extra memory for PDF output out of 10000 (max. 10000000)

