This is pdfTeX, Version 3.14159265-2.6-1.40.19 (MiKTeX 2.9.6840) (preloaded format=pdflatex 2018.10.18)  23 OCT 2018 13:50
entering extended mode
**./HW_1_idit_b.tex
(HW_1_idit_b.tex
LaTeX2e <2018-04-01> patch level 5

("/Users/iditbela/Library/Application Support/MiKTeX/texmfs/install/tex/latex/b
ase/article.cls"
Document Class: article 2014/09/29 v1.4h Standard LaTeX document class

("/Users/iditbela/Library/Application Support/MiKTeX/texmfs/install/tex/latex/b
ase/size10.clo"
File: size10.clo 2014/09/29 v1.4h Standard LaTeX file (size option)
)
\c@part=\count80
\c@section=\count81
\c@subsection=\count82
\c@subsubsection=\count83
\c@paragraph=\count84
\c@subparagraph=\count85
\c@figure=\count86
\c@table=\count87
\abovecaptionskip=\skip41
\belowcaptionskip=\skip42
\bibindent=\dimen102
)
("/Users/iditbela/Library/Application Support/MiKTeX/texmfs/install/tex/latex/p
snfss/times.sty"
Package: times 2005/04/12 PSNFSS-v9.2a (SPQR) 
)

LaTeX Warning: Unused global option(s):
    [fontsize=12pt].

(HW_1_idit_b.aux)
\openout1 = `HW_1_idit_b.aux'.

LaTeX Font Info:    Checking defaults for OML/cmm/m/it on input line 8.
LaTeX Font Info:    ... okay on input line 8.
LaTeX Font Info:    Checking defaults for T1/cmr/m/n on input line 8.
LaTeX Font Info:    ... okay on input line 8.
LaTeX Font Info:    Checking defaults for OT1/cmr/m/n on input line 8.
LaTeX Font Info:    ... okay on input line 8.
LaTeX Font Info:    Checking defaults for OMS/cmsy/m/n on input line 8.
LaTeX Font Info:    ... okay on input line 8.
LaTeX Font Info:    Checking defaults for OMX/cmex/m/n on input line 8.
LaTeX Font Info:    ... okay on input line 8.
LaTeX Font Info:    Checking defaults for U/cmr/m/n on input line 8.
LaTeX Font Info:    ... okay on input line 8.
LaTeX Font Info:    Try loading font information for OT1+ptm on input line 8.

("/Users/iditbela/Library/Application Support/MiKTeX/texmfs/install/tex/latex/p
snfss/ot1ptm.fd"
File: ot1ptm.fd 2001/06/04 font definitions for OT1/ptm.
)
LaTeX Font Info:    External font `cmex10' loaded for size
(Font)              <12> on input line 9.
LaTeX Font Info:    External font `cmex10' loaded for size
(Font)              <8> on input line 9.
LaTeX Font Info:    External font `cmex10' loaded for size
(Font)              <6> on input line 9.
LaTeX Font Info:    Font shape `OT1/ptm/bx/n' in size <14.4> not available
(Font)              Font shape `OT1/ptm/b/n' tried instead on input line 11.
LaTeX Font Info:    Font shape `OT1/ptm/bx/n' in size <10> not available
(Font)              Font shape `OT1/ptm/b/n' tried instead on input line 12.


LaTeX Warning: Citation `IsraelMinistryEnvProt' on page 1 undefined on input li
ne 12.


Underfull \hbox (badness 10000) in paragraph at lines 12--17

 []


Underfull \hbox (badness 10000) in paragraph at lines 12--17

 []


! Package inputenc Error: Unicode character ×ª (U+5EA)
(inputenc)                not set up for use with LaTeX.

See the inputenc package documentation for explanation.
Type  H <return>  for immediate help.
 ...                                              
                                                  
l.18 ×ª
       ×¨×›×•×‘×•×ª ××•×¨×’× ×™×•×ª × ×“×™×¤×•×ª × ×¤×œ×˜×•×ª ×××’×•×•×Ÿ ...

You may provide a definition with
\DeclareUnicodeCharacter 


! Package inputenc Error: Unicode character ×¨ (U+5E8)
(inputenc)                not set up for use with LaTeX.

See the inputenc package documentation for explanation.
Type  H <return>  for immediate help.
 ...                                              
                                                  
l.18 ×ª×¨
         ×›×•×‘×•×ª ××•×¨×’× ×™×•×ª × ×“×™×¤×•×ª × ×¤×œ×˜×•×ª ×××’×•×•×Ÿ ...

You may provide a definition with
\DeclareUnicodeCharacter 


! Package inputenc Error: Unicode character ×› (U+5DB)
(inputenc)                not set up for use with LaTeX.

See the inputenc package documentation for explanation.
Type  H <return>  for immediate help.
 ...                                              
                                                  
l.18 ×ª×¨×›
           ×•×‘×•×ª ××•×¨×’× ×™×•×ª × ×“×™×¤×•×ª × ×¤×œ×˜×•×ª ×××’×•×•×Ÿ ...

You may provide a definition with
\DeclareUnicodeCharacter 


! Package inputenc Error: Unicode character ×• (U+5D5)
(inputenc)                not set up for use with LaTeX.

See the inputenc package documentation for explanation.
Type  H <return>  for immediate help.
 ...                                              
                                                  
l.18 ×ª×¨×›×•
             ×‘×•×ª ××•×¨×’× ×™×•×ª × ×“×™×¤×•×ª × ×¤×œ×˜×•×ª ×××’×•×•×Ÿ ...

You may provide a definition with
\DeclareUnicodeCharacter 


! Package inputenc Error: Unicode character ×‘ (U+5D1)
(inputenc)                not set up for use with LaTeX.

See the inputenc package documentation for explanation.
Type  H <return>  for immediate help.
 ...                                              
                                                  
l.18 ×ª×¨×›×•×‘
               ×•×ª ××•×¨×’× ×™×•×ª × ×“×™×¤×•×ª × ×¤×œ×˜×•×ª ×××’×•×•×Ÿ ...

You may provide a definition with
\DeclareUnicodeCharacter 


! Package inputenc Error: Unicode character ×• (U+5D5)
(inputenc)                not set up for use with LaTeX.

See the inputenc package documentation for explanation.
Type  H <return>  for immediate help.
 ...                                              
                                                  
l.18 ×ª×¨×›×•×‘×•
                 ×ª ××•×¨×’× ×™×•×ª × ×“×™×¤×•×ª × ×¤×œ×˜×•×ª ×××’×•×•×Ÿ ...

You may provide a definition with
\DeclareUnicodeCharacter 


! Package inputenc Error: Unicode character ×ª (U+5EA)
(inputenc)                not set up for use with LaTeX.

See the inputenc package documentation for explanation.
Type  H <return>  for immediate help.
 ...                                              
                                                  
l.18 ×ª×¨×›×•×‘×•×ª
                    ××•×¨×’× ×™×•×ª × ×“×™×¤×•×ª × ×¤×œ×˜×•×ª ×××’×•×•×Ÿ ...

You may provide a definition with
\DeclareUnicodeCharacter 


! Package inputenc Error: Unicode character × (U+5D0)
(inputenc)                not set up for use with LaTeX.

See the inputenc package documentation for explanation.
Type  H <return>  for immediate help.
 ...                                              
                                                  
l.18 ×ª×¨×›×•×‘×•×ª ×
                      ×•×¨×’× ×™×•×ª × ×“×™×¤×•×ª × ×¤×œ×˜×•×ª ×××’×•×•×Ÿ ...

You may provide a definition with
\DeclareUnicodeCharacter 


! Package inputenc Error: Unicode character ×• (U+5D5)
(inputenc)                not set up for use with LaTeX.

See the inputenc package documentation for explanation.
Type  H <return>  for immediate help.
 ...                                              
                                                  
l.18 ×ª×¨×›×•×‘×•×ª ××•
                        ×¨×’× ×™×•×ª × ×“×™×¤×•×ª × ×¤×œ×˜×•×ª ×××’×•×•×Ÿ ...

You may provide a definition with
\DeclareUnicodeCharacter 


! Package inputenc Error: Unicode character ×¨ (U+5E8)
(inputenc)                not set up for use with LaTeX.

See the inputenc package documentation for explanation.
Type  H <return>  for immediate help.
 ...                                              
                                                  
l.18 ×ª×¨×›×•×‘×•×ª ××•×¨
                          ×’× ×™×•×ª × ×“×™×¤×•×ª × ×¤×œ×˜×•×ª ×××’×•×•×Ÿ ...

You may provide a definition with
\DeclareUnicodeCharacter 


! Package inputenc Error: Unicode character ×’ (U+5D2)
(inputenc)                not set up for use with LaTeX.

See the inputenc package documentation for explanation.
Type  H <return>  for immediate help.
 ...                                              
                                                  
l.18 ×ª×¨×›×•×‘×•×ª ××•×¨×’
                            × ×™×•×ª × ×“×™×¤×•×ª × ×¤×œ×˜×•×ª ×××’×•×•×Ÿ ...

You may provide a definition with
\DeclareUnicodeCharacter 


! Package inputenc Error: Unicode character ×  (U+5E0)
(inputenc)                not set up for use with LaTeX.

See the inputenc package documentation for explanation.
Type  H <return>  for immediate help.
 ...                                              
                                                  
l.18 ×ª×¨×›×•×‘×•×ª ××•×¨×’× 
                              ×™×•×ª × ×“×™×¤×•×ª × ×¤×œ×˜×•×ª ×××’×•×•×Ÿ ...

You may provide a definition with
\DeclareUnicodeCharacter 


! Package inputenc Error: Unicode character ×™ (U+5D9)
(inputenc)                not set up for use with LaTeX.

See the inputenc package documentation for explanation.
Type  H <return>  for immediate help.
 ...                                              
                                                  
l.18 ×ª×¨×›×•×‘×•×ª ××•×¨×’× ×™
                                ×•×ª × ×“×™×¤×•×ª × ×¤×œ×˜×•×ª ×××’×•×•×Ÿ ...

You may provide a definition with
\DeclareUnicodeCharacter 


! Package inputenc Error: Unicode character ×• (U+5D5)
(inputenc)                not set up for use with LaTeX.

See the inputenc package documentation for explanation.
Type  H <return>  for immediate help.
 ...                                              
                                                  
l.18 ×ª×¨×›×•×‘×•×ª ××•×¨×’× ×™×•
                                  ×ª × ×“×™×¤×•×ª × ×¤×œ×˜×•×ª ×××’×•×•×Ÿ ...

You may provide a definition with
\DeclareUnicodeCharacter 


! Package inputenc Error: Unicode character ×ª (U+5EA)
(inputenc)                not set up for use with LaTeX.

See the inputenc package documentation for explanation.
Type  H <return>  for immediate help.
 ...                                              
                                                  
l.18 ×ª×¨×›×•×‘×•×ª ××•×¨×’× ×™×•×ª
                                     × ×“×™×¤×•×ª × ×¤×œ×˜×•×ª ×××’×•×•×Ÿ ...

You may provide a definition with
\DeclareUnicodeCharacter 


! Package inputenc Error: Unicode character ×  (U+5E0)
(inputenc)                not set up for use with LaTeX.

See the inputenc package documentation for explanation.
Type  H <return>  for immediate help.
 ...                                              
                                                  
l.18 ×ª×¨×›×•×‘×•×ª ××•×¨×’× ×™×•×ª × 
                                       ×“×™×¤×•×ª × ×¤×œ×˜×•×ª ×××’×•×•×Ÿ ...

You may provide a definition with
\DeclareUnicodeCharacter 


! Package inputenc Error: Unicode character ×“ (U+5D3)
(inputenc)                not set up for use with LaTeX.

See the inputenc package documentation for explanation.
Type  H <return>  for immediate help.
 ...                                              
                                                  
l.18 ×ª×¨×›×•×‘×•×ª ××•×¨×’× ×™×•×ª × ×“
                                         ×™×¤×•×ª × ×¤×œ×˜×•×ª ×××’×•×•×Ÿ ...

You may provide a definition with
\DeclareUnicodeCharacter 


! Package inputenc Error: Unicode character ×™ (U+5D9)
(inputenc)                not set up for use with LaTeX.

See the inputenc package documentation for explanation.
Type  H <return>  for immediate help.
 ...                                              
                                                  
l.18 ×ª×¨×›×•×‘×•×ª ××•×¨×’× ×™×•×ª × ×“×™
                                           ×¤×•×ª × ×¤×œ×˜×•×ª ×××’×•×•×Ÿ ...

You may provide a definition with
\DeclareUnicodeCharacter 


! Package inputenc Error: Unicode character ×¤ (U+5E4)
(inputenc)                not set up for use with LaTeX.

See the inputenc package documentation for explanation.
Type  H <return>  for immediate help.
 ...                                              
                                                  
l.18 ×ª×¨×›×•×‘×•×ª ××•×¨×’× ×™×•×ª × ×“×™×¤
                                             ×•×ª × ×¤×œ×˜×•×ª ×××’×•×•×Ÿ ...

You may provide a definition with
\DeclareUnicodeCharacter 


! Package inputenc Error: Unicode character ×• (U+5D5)
(inputenc)                not set up for use with LaTeX.

See the inputenc package documentation for explanation.
Type  H <return>  for immediate help.
 ...                                              
                                                  
l.18 ×ª×¨×›×•×‘×•×ª ××•×¨×’× ×™×•×ª × ×“×™×¤×•
                                               ×ª × ×¤×œ×˜×•×ª ×××’×•×•×Ÿ ...

You may provide a definition with
\DeclareUnicodeCharacter 


! Package inputenc Error: Unicode character ×ª (U+5EA)
(inputenc)                not set up for use with LaTeX.

See the inputenc package documentation for explanation.
Type  H <return>  for immediate help.
 ...                                              
                                                  
l.18 ×ª×¨×›×•×‘×•×ª ××•×¨×’× ×™×•×ª × ×“×™×¤×•×ª
                                                  × ×¤×œ×˜×•×ª ×××’×•×•×Ÿ ...

You may provide a definition with
\DeclareUnicodeCharacter 


! Package inputenc Error: Unicode character ×  (U+5E0)
(inputenc)                not set up for use with LaTeX.

See the inputenc package documentation for explanation.
Type  H <return>  for immediate help.
 ...                                              
                                                  
l.18 ...›×•×‘×•×ª ××•×¨×’× ×™×•×ª × ×“×™×¤×•×ª × 
                                                  ×¤×œ×˜×•×ª ×××’×•×•×Ÿ ×ª...

You may provide a definition with
\DeclareUnicodeCharacter 


! Package inputenc Error: Unicode character ×¤ (U+5E4)
(inputenc)                not set up for use with LaTeX.

See the inputenc package documentation for explanation.
Type  H <return>  for immediate help.
 ...                                              
                                                  
l.18 ...•×‘×•×ª ××•×¨×’× ×™×•×ª × ×“×™×¤×•×ª × ×¤
                                                  ×œ×˜×•×ª ×××’×•×•×Ÿ ×ª×”...

You may provide a definition with
\DeclareUnicodeCharacter 


! Package inputenc Error: Unicode character ×œ (U+5DC)
(inputenc)                not set up for use with LaTeX.

See the inputenc package documentation for explanation.
Type  H <return>  for immediate help.
 ...                                              
                                                  
l.18 ...‘×•×ª ××•×¨×’× ×™×•×ª × ×“×™×¤×•×ª × ×¤×œ
                                                  ×˜×•×ª ×××’×•×•×Ÿ ×ª×”×œ...

You may provide a definition with
\DeclareUnicodeCharacter 


! Package inputenc Error: Unicode character ×˜ (U+5D8)
(inputenc)                not set up for use with LaTeX.

See the inputenc package documentation for explanation.
Type  H <return>  for immediate help.
 ...                                              
                                                  
l.18 ...•×ª ××•×¨×’× ×™×•×ª × ×“×™×¤×•×ª × ×¤×œ×˜
                                                  ×•×ª ×××’×•×•×Ÿ ×ª×”×œ×™...

You may provide a definition with
\DeclareUnicodeCharacter 


! Package inputenc Error: Unicode character ×• (U+5D5)
(inputenc)                not set up for use with LaTeX.

See the inputenc package documentation for explanation.
Type  H <return>  for immediate help.
 ...                                              
                                                  
l.18 ...ª ××•×¨×’× ×™×•×ª × ×“×™×¤×•×ª × ×¤×œ×˜×•
                                                  ×ª ×××’×•×•×Ÿ ×ª×”×œ×™×›...

You may provide a definition with
\DeclareUnicodeCharacter 


! Package inputenc Error: Unicode character ×ª (U+5EA)
(inputenc)                not set up for use with LaTeX.

See the inputenc package documentation for explanation.
Type  H <return>  for immediate help.
 ...                                              
                                                  
l.18 ...××•×¨×’× ×™×•×ª × ×“×™×¤×•×ª × ×¤×œ×˜×•×ª
                                                   ×××’×•×•×Ÿ ×ª×”×œ×™×›×™...

You may provide a definition with
\DeclareUnicodeCharacter 


! Package inputenc Error: Unicode character × (U+5DE)
(inputenc)                not set up for use with LaTeX.

See the inputenc package documentation for explanation.
Type  H <return>  for immediate help.
 ...                                              
                                                  
l.18 ...•×¨×’× ×™×•×ª × ×“×™×¤×•×ª × ×¤×œ×˜×•×ª ×
                                                  ××’×•×•×Ÿ ×ª×”×œ×™×›×™× ...

You may provide a definition with
\DeclareUnicodeCharacter 


! Package inputenc Error: Unicode character × (U+5DE)
(inputenc)                not set up for use with LaTeX.

See the inputenc package documentation for explanation.
Type  H <return>  for immediate help.
 ...                                              
                                                  
l.18 ...¨×’× ×™×•×ª × ×“×™×¤×•×ª × ×¤×œ×˜×•×ª ××
                                                  ×’×•×•×Ÿ ×ª×”×œ×™×›×™× ×ª...

You may provide a definition with
\DeclareUnicodeCharacter 


! Package inputenc Error: Unicode character ×’ (U+5D2)
(inputenc)                not set up for use with LaTeX.

See the inputenc package documentation for explanation.
Type  H <return>  for immediate help.
 ...                                              
                                                  
l.18 ...’× ×™×•×ª × ×“×™×¤×•×ª × ×¤×œ×˜×•×ª ×××’
                                                  ×•×•×Ÿ ×ª×”×œ×™×›×™× ×ª×¢...

You may provide a definition with
\DeclareUnicodeCharacter 


! Package inputenc Error: Unicode character ×• (U+5D5)
(inputenc)                not set up for use with LaTeX.

See the inputenc package documentation for explanation.
Type  H <return>  for immediate help.
 ...                                              
                                                  
l.18 ... ×™×•×ª × ×“×™×¤×•×ª × ×¤×œ×˜×•×ª ×××’×•
                                                  ×•×Ÿ ×ª×”×œ×™×›×™× ×ª×¢×©...

You may provide a definition with
\DeclareUnicodeCharacter 


! Package inputenc Error: Unicode character ×• (U+5D5)
(inputenc)                not set up for use with LaTeX.

See the inputenc package documentation for explanation.
Type  H <return>  for immediate help.
 ...                                              
                                                  
l.18 ...™×•×ª × ×“×™×¤×•×ª × ×¤×œ×˜×•×ª ×××’×•×•
                                                  ×Ÿ ×ª×”×œ×™×›×™× ×ª×¢×©×™...

You may provide a definition with
\DeclareUnicodeCharacter 


! Package inputenc Error: Unicode character ×Ÿ (U+5DF)
(inputenc)                not set up for use with LaTeX.

See the inputenc package documentation for explanation.
Type  H <return>  for immediate help.
 ...                                              
                                                  
l.18 ...•×ª × ×“×™×¤×•×ª × ×¤×œ×˜×•×ª ×××’×•×•×Ÿ
                                                   ×ª×”×œ×™×›×™× ×ª×¢×©×™×™...

You may provide a definition with
\DeclareUnicodeCharacter 


! Package inputenc Error: Unicode character ×ª (U+5EA)
(inputenc)                not set up for use with LaTeX.

See the inputenc package documentation for explanation.
Type  H <return>  for immediate help.
 ...                                              
                                                  
l.18 ... × ×“×™×¤×•×ª × ×¤×œ×˜×•×ª ×××’×•×•×Ÿ ×ª
                                                  ×”×œ×™×›×™× ×ª×¢×©×™×™×ª×...

You may provide a definition with
\DeclareUnicodeCharacter 


! Package inputenc Error: Unicode character ×” (U+5D4)
(inputenc)                not set up for use with LaTeX.

See the inputenc package documentation for explanation.
Type  H <return>  for immediate help.
 ...                                              
                                                  
l.18 ... ×“×™×¤×•×ª × ×¤×œ×˜×•×ª ×××’×•×•×Ÿ ×ª×”
                                                  ×œ×™×›×™× ×ª×¢×©×™×™×ª×™×...

You may provide a definition with
\DeclareUnicodeCharacter 


! Package inputenc Error: Unicode character ×œ (U+5DC)
(inputenc)                not set up for use with LaTeX.

See the inputenc package documentation for explanation.
Type  H <return>  for immediate help.
 ...                                              
                                                  
l.18 ...“×™×¤×•×ª × ×¤×œ×˜×•×ª ×××’×•×•×Ÿ ×ª×”×œ
                                                  ×™×›×™× ×ª×¢×©×™×™×ª×™×™×...

You may provide a definition with
\DeclareUnicodeCharacter 


! Package inputenc Error: Unicode character ×™ (U+5D9)
(inputenc)                not set up for use with LaTeX.

See the inputenc package documentation for explanation.
Type  H <return>  for immediate help.
 ...                                              
                                                  
l.18 ...™×¤×•×ª × ×¤×œ×˜×•×ª ×××’×•×•×Ÿ ×ª×”×œ×™
                                                  ×›×™× ×ª×¢×©×™×™×ª×™×™×....

You may provide a definition with
\DeclareUnicodeCharacter 


! Package inputenc Error: Unicode character ×› (U+5DB)
(inputenc)                not set up for use with LaTeX.

See the inputenc package documentation for explanation.
Type  H <return>  for immediate help.
 ...                                              
                                                  
l.18 ...¤×•×ª × ×¤×œ×˜×•×ª ×××’×•×•×Ÿ ×ª×”×œ×™×›
                                                  ×™× ×ª×¢×©×™×™×ª×™×™×. ×...

You may provide a definition with
\DeclareUnicodeCharacter 


! Package inputenc Error: Unicode character ×™ (U+5D9)
(inputenc)                not set up for use with LaTeX.

See the inputenc package documentation for explanation.
Type  H <return>  for immediate help.
 ...                                              
                                                  
l.18 ...•×ª × ×¤×œ×˜×•×ª ×××’×•×•×Ÿ ×ª×”×œ×™×›×™
                                                  × ×ª×¢×©×™×™×ª×™×™×. ×”×...

You may provide a definition with
\DeclareUnicodeCharacter 


! Package inputenc Error: Unicode character × (U+5DD)
(inputenc)                not set up for use with LaTeX.

See the inputenc package documentation for explanation.
Type  H <return>  for immediate help.
 ...                                              
                                                  
l.18 ...ª × ×¤×œ×˜×•×ª ×××’×•×•×Ÿ ×ª×”×œ×™×›×™×
                                                   ×ª×¢×©×™×™×ª×™×™×. ×”××...

You may provide a definition with
\DeclareUnicodeCharacter 


! Package inputenc Error: Unicode character ×ª (U+5EA)
(inputenc)                not set up for use with LaTeX.

See the inputenc package documentation for explanation.
Type  H <return>  for immediate help.
 ...                                              
                                                  
l.18 ... ×¤×œ×˜×•×ª ×××’×•×•×Ÿ ×ª×”×œ×™×›×™× ×ª
                                                  ×¢×©×™×™×ª×™×™×. ×”××§×•...

You may provide a definition with
\DeclareUnicodeCharacter 


! Package inputenc Error: Unicode character ×¢ (U+5E2)
(inputenc)                not set up for use with LaTeX.

See the inputenc package documentation for explanation.
Type  H <return>  for immediate help.
 ...                                              
                                                  
l.18 ...¤×œ×˜×•×ª ×××’×•×•×Ÿ ×ª×”×œ×™×›×™× ×ª×¢
                                                  ×©×™×™×ª×™×™×. ×”××§×•×¨...

You may provide a definition with
\DeclareUnicodeCharacter 


! Package inputenc Error: Unicode character ×© (U+5E9)
(inputenc)                not set up for use with LaTeX.

See the inputenc package documentation for explanation.
Type  H <return>  for immediate help.
 ...                                              
                                                  
l.18 ...œ×˜×•×ª ×××’×•×•×Ÿ ×ª×”×œ×™×›×™× ×ª×¢×©
                                                  ×™×™×ª×™×™×. ×”××§×•×¨×•...

You may provide a definition with
\DeclareUnicodeCharacter 


! Package inputenc Error: Unicode character ×™ (U+5D9)
(inputenc)                not set up for use with LaTeX.

See the inputenc package documentation for explanation.
Type  H <return>  for immediate help.
 ...                                              
                                                  
l.18 ...˜×•×ª ×××’×•×•×Ÿ ×ª×”×œ×™×›×™× ×ª×¢×©×™
                                                  ×™×ª×™×™×. ×”××§×•×¨×•×ª...

You may provide a definition with
\DeclareUnicodeCharacter 


! Package inputenc Error: Unicode character ×™ (U+5D9)
(inputenc)                not set up for use with LaTeX.

See the inputenc package documentation for explanation.
Type  H <return>  for immediate help.
 ...                                              
                                                  
l.18 ...•×ª ×××’×•×•×Ÿ ×ª×”×œ×™×›×™× ×ª×¢×©×™×™
                                                  ×ª×™×™×. ×”××§×•×¨×•×ª ×...

You may provide a definition with
\DeclareUnicodeCharacter 


! Package inputenc Error: Unicode character ×ª (U+5EA)
(inputenc)                not set up for use with LaTeX.

See the inputenc package documentation for explanation.
Type  H <return>  for immediate help.
 ...                                              
                                                  
l.18 ...ª ×××’×•×•×Ÿ ×ª×”×œ×™×›×™× ×ª×¢×©×™×™×ª
                                                  ×™×™×. ×”××§×•×¨×•×ª ×”×...

You may provide a definition with
\DeclareUnicodeCharacter 


! Package inputenc Error: Unicode character ×™ (U+5D9)
(inputenc)                not set up for use with LaTeX.

See the inputenc package documentation for explanation.
Type  H <return>  for immediate help.
 ...                                              
                                                  
l.18 ...×××’×•×•×Ÿ ×ª×”×œ×™×›×™× ×ª×¢×©×™×™×ª×™
                                                  ×™×. ×”××§×•×¨×•×ª ×”××...

You may provide a definition with
\DeclareUnicodeCharacter 


! Package inputenc Error: Unicode character ×™ (U+5D9)
(inputenc)                not set up for use with LaTeX.

See the inputenc package documentation for explanation.
Type  H <return>  for immediate help.
 ...                                              
                                                  
l.18 ...××’×•×•×Ÿ ×ª×”×œ×™×›×™× ×ª×¢×©×™×™×ª×™×™
                                                  ×. ×”××§×•×¨×•×ª ×”××©×...

You may provide a definition with
\DeclareUnicodeCharacter 


! Package inputenc Error: Unicode character × (U+5DD)
(inputenc)                not set up for use with LaTeX.

See the inputenc package documentation for explanation.
Type  H <return>  for immediate help.
 ...                                              
                                                  
l.18 ...×’×•×•×Ÿ ×ª×”×œ×™×›×™× ×ª×¢×©×™×™×ª×™×™×
                                                  . ×”××§×•×¨×•×ª ×”××©××...

You may provide a definition with
\DeclareUnicodeCharacter 


! Package inputenc Error: Unicode character ×” (U+5D4)
(inputenc)                not set up for use with LaTeX.

See the inputenc package documentation for explanation.
Type  H <return>  for immediate help.
 ...                                              
                                                  
l.18 ...×•×Ÿ ×ª×”×œ×™×›×™× ×ª×¢×©×™×™×ª×™×™×. ×”
                                                  ××§×•×¨×•×ª ×”××©××¢×•×...

You may provide a definition with
\DeclareUnicodeCharacter 


! Package inputenc Error: Unicode character × (U+5DE)
(inputenc)                not set up for use with LaTeX.

See the inputenc package documentation for explanation.
Type  H <return>  for immediate help.
 ...                                              
                                                  
l.18 ...×Ÿ ×ª×”×œ×™×›×™× ×ª×¢×©×™×™×ª×™×™×. ×”×
                                                  ×§×•×¨×•×ª ×”××©××¢×•×ª×...

You may provide a definition with
\DeclareUnicodeCharacter 


! Package inputenc Error: Unicode character ×§ (U+5E7)
(inputenc)                not set up for use with LaTeX.

See the inputenc package documentation for explanation.
Type  H <return>  for immediate help.
 ...                                              
                                                  
l.18 ... ×ª×”×œ×™×›×™× ×ª×¢×©×™×™×ª×™×™×. ×”××§
                                                  ×•×¨×•×ª ×”××©××¢×•×ª×™×...

You may provide a definition with
\DeclareUnicodeCharacter 


! Package inputenc Error: Unicode character ×• (U+5D5)
(inputenc)                not set up for use with LaTeX.

See the inputenc package documentation for explanation.
Type  H <return>  for immediate help.
 ...                                              
                                                  
l.18 ...ª×”×œ×™×›×™× ×ª×¢×©×™×™×ª×™×™×. ×”××§×•
                                                  ×¨×•×ª ×”××©××¢×•×ª×™×™×...

You may provide a definition with
\DeclareUnicodeCharacter 


! Package inputenc Error: Unicode character ×¨ (U+5E8)
(inputenc)                not set up for use with LaTeX.

See the inputenc package documentation for explanation.
Type  H <return>  for immediate help.
 ...                                              
                                                  
l.18 ...”×œ×™×›×™× ×ª×¢×©×™×™×ª×™×™×. ×”××§×•×¨
                                                  ×•×ª ×”××©××¢×•×ª×™×™× ...

You may provide a definition with
\DeclareUnicodeCharacter 


! Package inputenc Error: Unicode character ×• (U+5D5)
(inputenc)                not set up for use with LaTeX.

See the inputenc package documentation for explanation.
Type  H <return>  for immediate help.
 ...                                              
                                                  
l.18 ...œ×™×›×™× ×ª×¢×©×™×™×ª×™×™×. ×”××§×•×¨×•
                                                  ×ª ×”××©××¢×•×ª×™×™× ×œ...

You may provide a definition with
\DeclareUnicodeCharacter 


! Package inputenc Error: Unicode character ×ª (U+5EA)
(inputenc)                not set up for use with LaTeX.

See the inputenc package documentation for explanation.
Type  H <return>  for immediate help.
 ...                                              
                                                  
l.18 ...™×›×™× ×ª×¢×©×™×™×ª×™×™×. ×”××§×•×¨×•×ª
                                                   ×”××©××¢×•×ª×™×™× ×œ×¤...

You may provide a definition with
\DeclareUnicodeCharacter 


! Package inputenc Error: Unicode character ×” (U+5D4)
(inputenc)                not set up for use with LaTeX.

See the inputenc package documentation for explanation.
Type  H <return>  for immediate help.
 ...                                              
                                                  
l.18 ...×™× ×ª×¢×©×™×™×ª×™×™×. ×”××§×•×¨×•×ª ×”
                                                  ××©××¢×•×ª×™×™× ×œ×¤×œ×...

You may provide a definition with
\DeclareUnicodeCharacter 


! Package inputenc Error: Unicode character × (U+5DE)
(inputenc)                not set up for use with LaTeX.

See the inputenc package documentation for explanation.
Type  H <return>  for immediate help.
 ...                                              
                                                  
l.18 ...× ×ª×¢×©×™×™×ª×™×™×. ×”××§×•×¨×•×ª ×”×
                                                  ×©××¢×•×ª×™×™× ×œ×¤×œ×™×...

You may provide a definition with
\DeclareUnicodeCharacter 


! Package inputenc Error: Unicode character ×© (U+5E9)
(inputenc)                not set up for use with LaTeX.

See the inputenc package documentation for explanation.
Type  H <return>  for immediate help.
 ...                                              
                                                  
l.18 ... ×ª×¢×©×™×™×ª×™×™×. ×”××§×•×¨×•×ª ×”××©
                                                  ××¢×•×ª×™×™× ×œ×¤×œ×™×˜×...

You may provide a definition with
\DeclareUnicodeCharacter 


! Package inputenc Error: Unicode character × (U+5DE)
(inputenc)                not set up for use with LaTeX.

See the inputenc package documentation for explanation.
Type  H <return>  for immediate help.
 ...                                              
                                                  
l.18 ...ª×¢×©×™×™×ª×™×™×. ×”××§×•×¨×•×ª ×”××©×
                                                  ×¢×•×ª×™×™× ×œ×¤×œ×™×˜×” ...

You may provide a definition with
\DeclareUnicodeCharacter 


! Package inputenc Error: Unicode character ×¢ (U+5E2)
(inputenc)                not set up for use with LaTeX.

See the inputenc package documentation for explanation.
Type  H <return>  for immediate help.
 ...                                              
                                                  
l.18 ...¢×©×™×™×ª×™×™×. ×”××§×•×¨×•×ª ×”××©××¢
                                                  ×•×ª×™×™× ×œ×¤×œ×™×˜×” ×”...

You may provide a definition with
\DeclareUnicodeCharacter 


! Package inputenc Error: Unicode character ×• (U+5D5)
(inputenc)                not set up for use with LaTeX.

See the inputenc package documentation for explanation.
Type  H <return>  for immediate help.
 ...                                              
                                                  
l.18 ...©×™×™×ª×™×™×. ×”××§×•×¨×•×ª ×”××©××¢×•
                                                  ×ª×™×™× ×œ×¤×œ×™×˜×” ×”×...

You may provide a definition with
\DeclareUnicodeCharacter 


! Package inputenc Error: Unicode character ×ª (U+5EA)
(inputenc)                not set up for use with LaTeX.

See the inputenc package documentation for explanation.
Type  H <return>  for immediate help.
 ...                                              
                                                  
l.18 ...™×™×ª×™×™×. ×”××§×•×¨×•×ª ×”××©××¢×•×ª
                                                  ×™×™× ×œ×¤×œ×™×˜×” ×”×: ...

You may provide a definition with
\DeclareUnicodeCharacter 


! Package inputenc Error: Unicode character ×™ (U+5D9)
(inputenc)                not set up for use with LaTeX.

See the inputenc package documentation for explanation.
Type  H <return>  for immediate help.
 ...                                              
                                                  
l.18 ...™×ª×™×™×. ×”××§×•×¨×•×ª ×”××©××¢×•×ª×™
                                                  ×™× ×œ×¤×œ×™×˜×” ×”×: ×™...

You may provide a definition with
\DeclareUnicodeCharacter 


! Package inputenc Error: Unicode character ×™ (U+5D9)
(inputenc)                not set up for use with LaTeX.

See the inputenc package documentation for explanation.
Type  H <return>  for immediate help.
 ...                                              
                                                  
l.18 ...ª×™×™×. ×”××§×•×¨×•×ª ×”××©××¢×•×ª×™×™
                                                  × ×œ×¤×œ×™×˜×” ×”×: ×™×™...

You may provide a definition with
\DeclareUnicodeCharacter 


! Package inputenc Error: Unicode character × (U+5DD)
(inputenc)                not set up for use with LaTeX.

See the inputenc package documentation for explanation.
Type  H <return>  for immediate help.
 ...                                              
                                                  
l.18 ...™×™×. ×”××§×•×¨×•×ª ×”××©××¢×•×ª×™×™×
                                                   ×œ×¤×œ×™×˜×” ×”×: ×™×™×¦...

You may provide a definition with
\DeclareUnicodeCharacter 


! Package inputenc Error: Unicode character ×œ (U+5DC)
(inputenc)                not set up for use with LaTeX.

See the inputenc package documentation for explanation.
Type  H <return>  for immediate help.
 ...                                              
                                                  
l.18 ...×. ×”××§×•×¨×•×ª ×”××©××¢×•×ª×™×™× ×œ
                                                  ×¤×œ×™×˜×” ×”×: ×™×™×¦×•×...

You may provide a definition with
\DeclareUnicodeCharacter 


! Package inputenc Error: Unicode character ×¤ (U+5E4)
(inputenc)                not set up for use with LaTeX.

See the inputenc package documentation for explanation.
Type  H <return>  for immediate help.
 ...                                              
                                                  
l.18 .... ×”××§×•×¨×•×ª ×”××©××¢×•×ª×™×™× ×œ×¤
                                                  ×œ×™×˜×” ×”×: ×™×™×¦×•×¨ ...

You may provide a definition with
\DeclareUnicodeCharacter 


! Package inputenc Error: Unicode character ×œ (U+5DC)
(inputenc)                not set up for use with LaTeX.

See the inputenc package documentation for explanation.
Type  H <return>  for immediate help.
 ...                                              
                                                  
l.18 ...×”××§×•×¨×•×ª ×”××©××¢×•×ª×™×™× ×œ×¤×œ
                                                  ×™×˜×” ×”×: ×™×™×¦×•×¨ ×...

You may provide a definition with
\DeclareUnicodeCharacter 


! Package inputenc Error: Unicode character ×™ (U+5D9)
(inputenc)                not set up for use with LaTeX.

See the inputenc package documentation for explanation.
Type  H <return>  for immediate help.
 ...                                              
                                                  
l.18 ...××§×•×¨×•×ª ×”××©××¢×•×ª×™×™× ×œ×¤×œ×™
                                                  ×˜×” ×”×: ×™×™×¦×•×¨ ××•...

You may provide a definition with
\DeclareUnicodeCharacter 


! Package inputenc Error: Unicode character ×˜ (U+5D8)
(inputenc)                not set up for use with LaTeX.

See the inputenc package documentation for explanation.
Type  H <return>  for immediate help.
 ...                                              
                                                  
l.18 ...×§×•×¨×•×ª ×”××©××¢×•×ª×™×™× ×œ×¤×œ×™×˜
                                                  ×” ×”×: ×™×™×¦×•×¨ ××• ×...

You may provide a definition with
\DeclareUnicodeCharacter 


! Package inputenc Error: Unicode character ×” (U+5D4)
(inputenc)                not set up for use with LaTeX.

See the inputenc package documentation for explanation.
Type  H <return>  for immediate help.
 ...                                              
                                                  
l.18 ...×•×¨×•×ª ×”××©××¢×•×ª×™×™× ×œ×¤×œ×™×˜×”
                                                   ×”×: ×™×™×¦×•×¨ ××• ×©×...

You may provide a definition with
\DeclareUnicodeCharacter 


! Package inputenc Error: Unicode character ×” (U+5D4)
(inputenc)                not set up for use with LaTeX.

See the inputenc package documentation for explanation.
Type  H <return>  for immediate help.
 ...                                              
                                                  
l.18 ...¨×•×ª ×”××©××¢×•×ª×™×™× ×œ×¤×œ×™×˜×” ×”
                                                  ×: ×™×™×¦×•×¨ ××• ×©×™×...

You may provide a definition with
\DeclareUnicodeCharacter 


! Package inputenc Error: Unicode character × (U+5DD)
(inputenc)                not set up for use with LaTeX.

See the inputenc package documentation for explanation.
Type  H <return>  for immediate help.
 ...                                              
                                                  
l.18 ...•×ª ×”××©××¢×•×ª×™×™× ×œ×¤×œ×™×˜×” ×”×
                                                  : ×™×™×¦×•×¨ ××• ×©×™××•...

You may provide a definition with
\DeclareUnicodeCharacter 


! Package inputenc Error: Unicode character ×™ (U+5D9)
(inputenc)                not set up for use with LaTeX.

See the inputenc package documentation for explanation.
Type  H <return>  for immediate help.
 ...                                              
                                                  
l.18 ...×”××©××¢×•×ª×™×™× ×œ×¤×œ×™×˜×” ×”×: ×™
                                                  ×™×¦×•×¨ ××• ×©×™××•×© ×...

You may provide a definition with
\DeclareUnicodeCharacter 


! Package inputenc Error: Unicode character ×™ (U+5D9)
(inputenc)                not set up for use with LaTeX.

See the inputenc package documentation for explanation.
Type  H <return>  for immediate help.
 ...                                              
                                                  
l.18 ...××©××¢×•×ª×™×™× ×œ×¤×œ×™×˜×” ×”×: ×™×™
                                                  ×¦×•×¨ ××• ×©×™××•×© ×‘×...

You may provide a definition with
\DeclareUnicodeCharacter 


! Package inputenc Error: Unicode character ×¦ (U+5E6)
(inputenc)                not set up for use with LaTeX.

See the inputenc package documentation for explanation.
Type  H <return>  for immediate help.
 ...                                              
                                                  
l.18 ...×©××¢×•×ª×™×™× ×œ×¤×œ×™×˜×” ×”×: ×™×™×¦
                                                  ×•×¨ ××• ×©×™××•×© ×‘××...

You may provide a definition with
\DeclareUnicodeCharacter 


! Package inputenc Error: Unicode character ×• (U+5D5)
(inputenc)                not set up for use with LaTeX.

See the inputenc package documentation for explanation.
Type  H <return>  for immediate help.
 ...                                              
                                                  
l.18 ...××¢×•×ª×™×™× ×œ×¤×œ×™×˜×” ×”×: ×™×™×¦×•
                                                  ×¨ ××• ×©×™××•×© ×‘×××...

You may provide a definition with
\DeclareUnicodeCharacter 


! Package inputenc Error: Unicode character ×¨ (U+5E8)
(inputenc)                not set up for use with LaTeX.

See the inputenc package documentation for explanation.
Type  H <return>  for immediate help.
 ...                                              
                                                  
l.18 ...×¢×•×ª×™×™× ×œ×¤×œ×™×˜×” ×”×: ×™×™×¦×•×¨
                                                   ××• ×©×™××•×© ×‘×××¡×...

You may provide a definition with
\DeclareUnicodeCharacter 


! Package inputenc Error: Unicode character × (U+5D0)
(inputenc)                not set up for use with LaTeX.

See the inputenc package documentation for explanation.
Type  H <return>  for immediate help.
 ...                                              
                                                  
l.18 ...•×ª×™×™× ×œ×¤×œ×™×˜×” ×”×: ×™×™×¦×•×¨ ×
                                                  ×• ×©×™××•×© ×‘×××¡×™×...

You may provide a definition with
\DeclareUnicodeCharacter 


! Package inputenc Error: Unicode character ×• (U+5D5)
(inputenc)                not set up for use with LaTeX.

See the inputenc package documentation for explanation.
Type  H <return>  for immediate help.
 ...                                              
                                                  
l.18 ...ª×™×™× ×œ×¤×œ×™×˜×” ×”×: ×™×™×¦×•×¨ ××•
                                                   ×©×™××•×© ×‘×××¡×™×, ...

You may provide a definition with
\DeclareUnicodeCharacter 


! Package inputenc Error: Unicode character ×© (U+5E9)
(inputenc)                not set up for use with LaTeX.

See the inputenc package documentation for explanation.
Type  H <return>  for immediate help.
 ...                                              
                                                  
l.18 ...×™× ×œ×¤×œ×™×˜×” ×”×: ×™×™×¦×•×¨ ××• ×©
                                                  ×™××•×© ×‘×××¡×™×, ×¦×...

You may provide a definition with
\DeclareUnicodeCharacter 


! Package inputenc Error: Unicode character ×™ (U+5D9)
(inputenc)                not set up for use with LaTeX.

See the inputenc package documentation for explanation.
Type  H <return>  for immediate help.
 ...                                              
                                                  
l.18 ...× ×œ×¤×œ×™×˜×” ×”×: ×™×™×¦×•×¨ ××• ×©×™
                                                  ××•×© ×‘×××¡×™×, ×¦×‘×...

You may provide a definition with
\DeclareUnicodeCharacter 


! Package inputenc Error: Unicode character × (U+5DE)
(inputenc)                not set up for use with LaTeX.

See the inputenc package documentation for explanation.
Type  H <return>  for immediate help.
 ...                                              
                                                  
l.18 ... ×œ×¤×œ×™×˜×” ×”×: ×™×™×¦×•×¨ ××• ×©×™×
                                                  ×•×© ×‘×××¡×™×, ×¦×‘×¢ ...

You may provide a definition with
\DeclareUnicodeCharacter 


! Package inputenc Error: Unicode character ×• (U+5D5)
(inputenc)                not set up for use with LaTeX.

See the inputenc package documentation for explanation.
Type  H <return>  for immediate help.
 ...                                              
                                                  
l.18 ...œ×¤×œ×™×˜×” ×”×: ×™×™×¦×•×¨ ××• ×©×™××•
                                                  ×© ×‘×××¡×™×, ×¦×‘×¢ ×...

You may provide a definition with
\DeclareUnicodeCharacter 


! Package inputenc Error: Unicode character ×© (U+5E9)
(inputenc)                not set up for use with LaTeX.

See the inputenc package documentation for explanation.
Type  H <return>  for immediate help.
 ...                                              
                                                  
l.18 ...¤×œ×™×˜×” ×”×: ×™×™×¦×•×¨ ××• ×©×™××•×©
                                                   ×‘×××¡×™×, ×¦×‘×¢ ××•...

You may provide a definition with
\DeclareUnicodeCharacter 


! Package inputenc Error: Unicode character ×‘ (U+5D1)
(inputenc)                not set up for use with LaTeX.

See the inputenc package documentation for explanation.
Type  H <return>  for immediate help.
 ...                                              
                                                  
l.18 ...×™×˜×” ×”×: ×™×™×¦×•×¨ ××• ×©×™××•×© ×‘
                                                  ×××¡×™×, ×¦×‘×¢ ××• ×›...

You may provide a definition with
\DeclareUnicodeCharacter 


! Package inputenc Error: Unicode character × (U+5DE)
(inputenc)                not set up for use with LaTeX.

See the inputenc package documentation for explanation.
Type  H <return>  for immediate help.
 ...                                              
                                                  
l.18 ...×˜×” ×”×: ×™×™×¦×•×¨ ××• ×©×™××•×© ×‘×
                                                  ××¡×™×, ×¦×‘×¢ ××• ×›×™...

You may provide a definition with
\DeclareUnicodeCharacter 


! Package inputenc Error: Unicode character × (U+5DE)
(inputenc)                not set up for use with LaTeX.

See the inputenc package documentation for explanation.
Type  H <return>  for immediate help.
 ...                                              
                                                  
l.18 ...×” ×”×: ×™×™×¦×•×¨ ××• ×©×™××•×© ×‘××
                                                  ×¡×™×, ×¦×‘×¢ ××• ×›×™×...

You may provide a definition with
\DeclareUnicodeCharacter 


! Package inputenc Error: Unicode character ×¡ (U+5E1)
(inputenc)                not set up for use with LaTeX.

See the inputenc package documentation for explanation.
Type  H <return>  for immediate help.
 ...                                              
                                                  
l.18 ... ×”×: ×™×™×¦×•×¨ ××• ×©×™××•×© ×‘×××¡
                                                  ×™×, ×¦×‘×¢ ××• ×›×™××™...

You may provide a definition with
\DeclareUnicodeCharacter 


! Package inputenc Error: Unicode character ×™ (U+5D9)
(inputenc)                not set up for use with LaTeX.

See the inputenc package documentation for explanation.
Type  H <return>  for immediate help.
 ...                                              
                                                  
l.18 ...”×: ×™×™×¦×•×¨ ××• ×©×™××•×© ×‘×××¡×™
                                                  ×, ×¦×‘×¢ ××• ×›×™××™×§...

You may provide a definition with
\DeclareUnicodeCharacter 


! Package inputenc Error: Unicode character × (U+5DD)
(inputenc)                not set up for use with LaTeX.

See the inputenc package documentation for explanation.
Type  H <return>  for immediate help.
 ...                                              
                                                  
l.18 ...: ×™×™×¦×•×¨ ××• ×©×™××•×© ×‘×××¡×™×
                                                  , ×¦×‘×¢ ××• ×›×™××™×§×œ...

You may provide a definition with
\DeclareUnicodeCharacter 


! Package inputenc Error: Unicode character ×¦ (U+5E6)
(inputenc)                not set up for use with LaTeX.

See the inputenc package documentation for explanation.
Type  H <return>  for immediate help.
 ...                                              
                                                  
l.18 ...™×™×¦×•×¨ ××• ×©×™××•×© ×‘×××¡×™×, ×¦
                                                  ×‘×¢ ××• ×›×™××™×§×œ×™×...

You may provide a definition with
\DeclareUnicodeCharacter 


! Package inputenc Error: Unicode character ×‘ (U+5D1)
(inputenc)                not set up for use with LaTeX.

See the inputenc package documentation for explanation.
Type  H <return>  for immediate help.
 ...                                              
                                                  
l.18 ...™×¦×•×¨ ××• ×©×™××•×© ×‘×××¡×™×, ×¦×‘
                                                  ×¢ ××• ×›×™××™×§×œ×™×, ...

You may provide a definition with
\DeclareUnicodeCharacter 


! Package inputenc Error: Unicode character ×¢ (U+5E2)
(inputenc)                not set up for use with LaTeX.

See the inputenc package documentation for explanation.
Type  H <return>  for immediate help.
 ...                                              
                                                  
l.18 ...¦×•×¨ ××• ×©×™××•×© ×‘×××¡×™×, ×¦×‘×¢
                                                   ××• ×›×™××™×§×œ×™×, ×–...

You may provide a definition with
\DeclareUnicodeCharacter 


! Package inputenc Error: Unicode character × (U+5D0)
(inputenc)                not set up for use with LaTeX.

See the inputenc package documentation for explanation.
Type  H <return>  for immediate help.
 ...                                              
                                                  
l.18 ...×¨ ××• ×©×™××•×© ×‘×××¡×™×, ×¦×‘×¢ ×
                                                  ×• ×›×™××™×§×œ×™×, ×–×™×...

You may provide a definition with
\DeclareUnicodeCharacter 


! Package inputenc Error: Unicode character ×• (U+5D5)
(inputenc)                not set up for use with LaTeX.

See the inputenc package documentation for explanation.
Type  H <return>  for immediate help.
 ...                                              
                                                  
l.18 ... ××• ×©×™××•×© ×‘×××¡×™×, ×¦×‘×¢ ××•
                                                   ×›×™××™×§×œ×™×, ×–×™×§×...

You may provide a definition with
\DeclareUnicodeCharacter 


! Package inputenc Error: Unicode character ×› (U+5DB)
(inputenc)                not set up for use with LaTeX.

See the inputenc package documentation for explanation.
Type  H <return>  for immediate help.
 ...                                              
                                                  
l.18 ...×• ×©×™××•×© ×‘×××¡×™×, ×¦×‘×¢ ××• ×›
                                                  ×™××™×§×œ×™×, ×–×™×§×•×§...

You may provide a definition with
\DeclareUnicodeCharacter 


! Package inputenc Error: Unicode character ×™ (U+5D9)
(inputenc)                not set up for use with LaTeX.

See the inputenc package documentation for explanation.
Type  H <return>  for immediate help.
 ...                                              
                                                  
l.18 ... ×©×™××•×© ×‘×××¡×™×, ×¦×‘×¢ ××• ×›×™
                                                  ××™×§×œ×™×, ×–×™×§×•×§ ×...

You may provide a definition with
\DeclareUnicodeCharacter 


! Package inputenc Error: Unicode character × (U+5DE)
(inputenc)                not set up for use with LaTeX.

See the inputenc package documentation for explanation.
Type  H <return>  for immediate help.
 ...                                              
                                                  
l.18 ...©×™××•×© ×‘×××¡×™×, ×¦×‘×¢ ××• ×›×™×
                                                  ×™×§×œ×™×, ×–×™×§×•×§ ×•×...
(That makes 100 errors; please try again.) 
Here is how much of TeX's memory you used:
 293 strings out of 494889
 3944 string characters out of 3176776
 55271 words of memory out of 3000000
 3992 multiletter control sequences out of 15000+200000
 9442 words of font info for 29 fonts, out of 3000000 for 9000
 0 hyphenation exceptions out of 8191
 23i,6n,22p,517b,199s stack positions out of 5000i,500n,10000p,200000b,50000s

!  ==> Fatal error occurred, no output PDF file produced!
